Lock acquired

Consuming topic: [bitcoin_blocks] into HDFS
Consuming from topic 'bitcoin_blocks' in consumer group consumer into /data...
/usr/bin/hdfs dfs -mkdir /data/bitcoin_blocks 2> /dev/null
/usr/bin/hdfs dfs -put -f /tmp/kafka_bitcoin_blocks_consumer_20140925041500_0.dat /data/bitcoin_blocks/20140925041500_0.dat 2> /dev/null
/usr/bin/hdfs dfs -mkdir /data/bitcoin_blocks 2> /dev/null
/usr/bin/hdfs dfs -put -f /tmp/kafka_bitcoin_blocks_consumer_20140925041500_1.dat /data/bitcoin_blocks/20140925041500_1.dat 2> /dev/null
/usr/bin/hdfs dfs -mkdir /data/bitcoin_blocks 2> /dev/null
/usr/bin/hdfs dfs -put -f /tmp/kafka_bitcoin_blocks_consumer_20140925041500_2.dat /data/bitcoin_blocks/20140925041500_2.dat 2> /dev/null
/usr/bin/hdfs dfs -mkdir /data/bitcoin_blocks 2> /dev/null
/usr/bin/hdfs dfs -put -f /tmp/kafka_bitcoin_blocks_consumer_20140925041500_3.dat /data/bitcoin_blocks/20140925041500_3.dat 2> /dev/null
/usr/bin/hdfs dfs -mkdir /data/bitcoin_blocks 2> /dev/null
/usr/bin/hdfs dfs -put -f /tmp/kafka_bitcoin_blocks_consumer_20140925041500_4.dat /data/bitcoin_blocks/20140925041500_4.dat 2> /dev/null
Lock acquired

Consuming topic: [bitcoin_blocks] into HDFS
Consuming from topic 'bitcoin_blocks' in consumer group consumer into /data...
/usr/bin/hdfs dfs -mkdir /data/bitcoin_blocks 2> /dev/null
/usr/bin/hdfs dfs -put -f /tmp/kafka_bitcoin_blocks_consumer_20140925051500_0.dat /data/bitcoin_blocks/20140925051500_0.dat 2> /dev/null
/usr/bin/hdfs dfs -mkdir /data/bitcoin_blocks 2> /dev/null
/usr/bin/hdfs dfs -put -f /tmp/kafka_bitcoin_blocks_consumer_20140925051500_1.dat /data/bitcoin_blocks/20140925051500_1.dat 2> /dev/null
/usr/bin/hdfs dfs -mkdir /data/bitcoin_blocks 2> /dev/null
/usr/bin/hdfs dfs -put -f /tmp/kafka_bitcoin_blocks_consumer_20140925051500_2.dat /data/bitcoin_blocks/20140925051500_2.dat 2> /dev/null
/usr/bin/hdfs dfs -mkdir /data/bitcoin_blocks 2> /dev/null
/usr/bin/hdfs dfs -put -f /tmp/kafka_bitcoin_blocks_consumer_20140925051500_3.dat /data/bitcoin_blocks/20140925051500_3.dat 2> /dev/null
/usr/bin/hdfs dfs -mkdir /data/bitcoin_blocks 2> /dev/null
/usr/bin/hdfs dfs -put -f /tmp/kafka_bitcoin_blocks_consumer_20140925051500_4.dat /data/bitcoin_blocks/20140925051500_4.dat 2> /dev/null
/usr/bin/hdfs dfs -mkdir /data/bitcoin_blocks 2> /dev/null
/usr/bin/hdfs dfs -put -f /tmp/kafka_bitcoin_blocks_consumer_20140925051500_5.dat /data/bitcoin_blocks/20140925051500_5.dat 2> /dev/null
/usr/bin/hdfs dfs -mkdir /data/bitcoin_blocks 2> /dev/null
/usr/bin/hdfs dfs -put -f /tmp/kafka_bitcoin_blocks_consumer_20140925051500_6.dat /data/bitcoin_blocks/20140925051500_6.dat 2> /dev/null
/usr/bin/hdfs dfs -mkdir /data/bitcoin_blocks 2> /dev/null
/usr/bin/hdfs dfs -put -f /tmp/kafka_bitcoin_blocks_consumer_20140925051500_7.dat /data/bitcoin_blocks/20140925051500_7.dat 2> /dev/null
/usr/bin/hdfs dfs -mkdir /data/bitcoin_blocks 2> /dev/null
/usr/bin/hdfs dfs -put -f /tmp/kafka_bitcoin_blocks_consumer_20140925051500_8.dat /data/bitcoin_blocks/20140925051500_8.dat 2> /dev/null
/usr/bin/hdfs dfs -mkdir /data/bitcoin_blocks 2> /dev/null
/usr/bin/hdfs dfs -put -f /tmp/kafka_bitcoin_blocks_consumer_20140925051500_9.dat /data/bitcoin_blocks/20140925051500_9.dat 2> /dev/null
/usr/bin/hdfs dfs -mkdir /data/bitcoin_blocks 2> /dev/null
/usr/bin/hdfs dfs -put -f /tmp/kafka_bitcoin_blocks_consumer_20140925051500_10.dat /data/bitcoin_blocks/20140925051500_10.dat 2> /dev/null
/usr/bin/hdfs dfs -mkdir /data/bitcoin_blocks 2> /dev/null
/usr/bin/hdfs dfs -put -f /tmp/kafka_bitcoin_blocks_consumer_20140925051500_11.dat /data/bitcoin_blocks/20140925051500_11.dat 2> /dev/null
/usr/bin/hdfs dfs -mkdir /data/bitcoin_blocks 2> /dev/null
/usr/bin/hdfs dfs -put -f /tmp/kafka_bitcoin_blocks_consumer_20140925051500_12.dat /data/bitcoin_blocks/20140925051500_12.dat 2> /dev/null
/usr/bin/hdfs dfs -mkdir /data/bitcoin_blocks 2> /dev/null
/usr/bin/hdfs dfs -put -f /tmp/kafka_bitcoin_blocks_consumer_20140925051500_13.dat /data/bitcoin_blocks/20140925051500_13.dat 2> /dev/null
/usr/bin/hdfs dfs -mkdir /data/bitcoin_blocks 2> /dev/null
/usr/bin/hdfs dfs -put -f /tmp/kafka_bitcoin_blocks_consumer_20140925051500_14.dat /data/bitcoin_blocks/20140925051500_14.dat 2> /dev/null
/usr/bin/hdfs dfs -mkdir /data/bitcoin_blocks 2> /dev/null
/usr/bin/hdfs dfs -put -f /tmp/kafka_bitcoin_blocks_consumer_20140925051500_15.dat /data/bitcoin_blocks/20140925051500_15.dat 2> /dev/null
/usr/bin/hdfs dfs -mkdir /data/bitcoin_blocks 2> /dev/null
/usr/bin/hdfs dfs -put -f /tmp/kafka_bitcoin_blocks_consumer_20140925051500_16.dat /data/bitcoin_blocks/20140925051500_16.dat 2> /dev/null
/usr/bin/hdfs dfs -mkdir /data/bitcoin_blocks 2> /dev/null
/usr/bin/hdfs dfs -put -f /tmp/kafka_bitcoin_blocks_consumer_20140925051500_17.dat /data/bitcoin_blocks/20140925051500_17.dat 2> /dev/null
/usr/bin/hdfs dfs -mkdir /data/bitcoin_blocks 2> /dev/null
/usr/bin/hdfs dfs -put -f /tmp/kafka_bitcoin_blocks_consumer_20140925051500_18.dat /data/bitcoin_blocks/20140925051500_18.dat 2> /dev/null
/usr/bin/hdfs dfs -mkdir /data/bitcoin_blocks 2> /dev/null
/usr/bin/hdfs dfs -put -f /tmp/kafka_bitcoin_blocks_consumer_20140925051500_19.dat /data/bitcoin_blocks/20140925051500_19.dat 2> /dev/null
/usr/bin/hdfs dfs -mkdir /data/bitcoin_blocks 2> /dev/null
/usr/bin/hdfs dfs -put -f /tmp/kafka_bitcoin_blocks_consumer_20140925051500_20.dat /data/bitcoin_blocks/20140925051500_20.dat 2> /dev/null
/usr/bin/hdfs dfs -mkdir /data/bitcoin_blocks 2> /dev/null
/usr/bin/hdfs dfs -put -f /tmp/kafka_bitcoin_blocks_consumer_20140925051500_21.dat /data/bitcoin_blocks/20140925051500_21.dat 2> /dev/null
/usr/bin/hdfs dfs -mkdir /data/bitcoin_blocks 2> /dev/null
/usr/bin/hdfs dfs -put -f /tmp/kafka_bitcoin_blocks_consumer_20140925051500_22.dat /data/bitcoin_blocks/20140925051500_22.dat 2> /dev/null
/usr/bin/hdfs dfs -mkdir /data/bitcoin_blocks 2> /dev/null
/usr/bin/hdfs dfs -put -f /tmp/kafka_bitcoin_blocks_consumer_20140925051500_23.dat /data/bitcoin_blocks/20140925051500_23.dat 2> /dev/null
/usr/bin/hdfs dfs -mkdir /data/bitcoin_blocks 2> /dev/null
/usr/bin/hdfs dfs -put -f /tmp/kafka_bitcoin_blocks_consumer_20140925051500_24.dat /data/bitcoin_blocks/20140925051500_24.dat 2> /dev/null
/usr/bin/hdfs dfs -mkdir /data/bitcoin_blocks 2> /dev/null
/usr/bin/hdfs dfs -put -f /tmp/kafka_bitcoin_blocks_consumer_20140925051500_25.dat /data/bitcoin_blocks/20140925051500_25.dat 2> /dev/null
/usr/bin/hdfs dfs -mkdir /data/bitcoin_blocks 2> /dev/null
/usr/bin/hdfs dfs -put -f /tmp/kafka_bitcoin_blocks_consumer_20140925051500_26.dat /data/bitcoin_blocks/20140925051500_26.dat 2> /dev/null
/usr/bin/hdfs dfs -mkdir /data/bitcoin_blocks 2> /dev/null
/usr/bin/hdfs dfs -put -f /tmp/kafka_bitcoin_blocks_consumer_20140925051500_27.dat /data/bitcoin_blocks/20140925051500_27.dat 2> /dev/null
/usr/bin/hdfs dfs -mkdir /data/bitcoin_blocks 2> /dev/null
/usr/bin/hdfs dfs -put -f /tmp/kafka_bitcoin_blocks_consumer_20140925051500_28.dat /data/bitcoin_blocks/20140925051500_28.dat 2> /dev/null
Lock acquired

Consuming topic: [bitcoin_blocks] into HDFS
Consuming from topic 'bitcoin_blocks' in consumer group consumer into /data...
/usr/bin/hdfs dfs -mkdir /data/bitcoin_blocks 2> /dev/null
/usr/bin/hdfs dfs -put -f /tmp/kafka_bitcoin_blocks_consumer_20140925061500_0.dat /data/bitcoin_blocks/20140925061500_0.dat 2> /dev/null
Lock acquired

Consuming topic: [bitcoin_blocks] into HDFS
Consuming from topic 'bitcoin_blocks' in consumer group consumer into /data...
/usr/bin/hdfs dfs -mkdir /data/bitcoin_blocks 2> /dev/null
/usr/bin/hdfs dfs -put -f /tmp/kafka_bitcoin_blocks_consumer_20140925071500_0.dat /data/bitcoin_blocks/20140925071500_0.dat 2> /dev/null
/usr/bin/hdfs dfs -mkdir /data/bitcoin_blocks 2> /dev/null
/usr/bin/hdfs dfs -put -f /tmp/kafka_bitcoin_blocks_consumer_20140925071500_1.dat /data/bitcoin_blocks/20140925071500_1.dat 2> /dev/null
/usr/bin/hdfs dfs -mkdir /data/bitcoin_blocks 2> /dev/null
/usr/bin/hdfs dfs -put -f /tmp/kafka_bitcoin_blocks_consumer_20140925071500_2.dat /data/bitcoin_blocks/20140925071500_2.dat 2> /dev/null
/usr/bin/hdfs dfs -mkdir /data/bitcoin_blocks 2> /dev/null
/usr/bin/hdfs dfs -put -f /tmp/kafka_bitcoin_blocks_consumer_20140925071500_3.dat /data/bitcoin_blocks/20140925071500_3.dat 2> /dev/null
/usr/bin/hdfs dfs -mkdir /data/bitcoin_blocks 2> /dev/null
/usr/bin/hdfs dfs -put -f /tmp/kafka_bitcoin_blocks_consumer_20140925071500_4.dat /data/bitcoin_blocks/20140925071500_4.dat 2> /dev/null
/usr/bin/hdfs dfs -mkdir /data/bitcoin_blocks 2> /dev/null
/usr/bin/hdfs dfs -put -f /tmp/kafka_bitcoin_blocks_consumer_20140925071500_5.dat /data/bitcoin_blocks/20140925071500_5.dat 2> /dev/null
/usr/bin/hdfs dfs -mkdir /data/bitcoin_blocks 2> /dev/null
/usr/bin/hdfs dfs -put -f /tmp/kafka_bitcoin_blocks_consumer_20140925071500_6.dat /data/bitcoin_blocks/20140925071500_6.dat 2> /dev/null
/usr/bin/hdfs dfs -mkdir /data/bitcoin_blocks 2> /dev/null
/usr/bin/hdfs dfs -put -f /tmp/kafka_bitcoin_blocks_consumer_20140925071500_7.dat /data/bitcoin_blocks/20140925071500_7.dat 2> /dev/null
/usr/bin/hdfs dfs -mkdir /data/bitcoin_blocks 2> /dev/null
/usr/bin/hdfs dfs -put -f /tmp/kafka_bitcoin_blocks_consumer_20140925071500_8.dat /data/bitcoin_blocks/20140925071500_8.dat 2> /dev/null
/usr/bin/hdfs dfs -mkdir /data/bitcoin_blocks 2> /dev/null
/usr/bin/hdfs dfs -put -f /tmp/kafka_bitcoin_blocks_consumer_20140925071500_9.dat /data/bitcoin_blocks/20140925071500_9.dat 2> /dev/null
/usr/bin/hdfs dfs -mkdir /data/bitcoin_blocks 2> /dev/null
/usr/bin/hdfs dfs -put -f /tmp/kafka_bitcoin_blocks_consumer_20140925071500_10.dat /data/bitcoin_blocks/20140925071500_10.dat 2> /dev/null
/usr/bin/hdfs dfs -mkdir /data/bitcoin_blocks 2> /dev/null
/usr/bin/hdfs dfs -put -f /tmp/kafka_bitcoin_blocks_consumer_20140925071500_11.dat /data/bitcoin_blocks/20140925071500_11.dat 2> /dev/null
/usr/bin/hdfs dfs -mkdir /data/bitcoin_blocks 2> /dev/null
/usr/bin/hdfs dfs -put -f /tmp/kafka_bitcoin_blocks_consumer_20140925071500_12.dat /data/bitcoin_blocks/20140925071500_12.dat 2> /dev/null
/usr/bin/hdfs dfs -mkdir /data/bitcoin_blocks 2> /dev/null
/usr/bin/hdfs dfs -put -f /tmp/kafka_bitcoin_blocks_consumer_20140925071500_13.dat /data/bitcoin_blocks/20140925071500_13.dat 2> /dev/null
/usr/bin/hdfs dfs -mkdir /data/bitcoin_blocks 2> /dev/null
/usr/bin/hdfs dfs -put -f /tmp/kafka_bitcoin_blocks_consumer_20140925071500_14.dat /data/bitcoin_blocks/20140925071500_14.dat 2> /dev/null
/usr/bin/hdfs dfs -mkdir /data/bitcoin_blocks 2> /dev/null
/usr/bin/hdfs dfs -put -f /tmp/kafka_bitcoin_blocks_consumer_20140925071500_15.dat /data/bitcoin_blocks/20140925071500_15.dat 2> /dev/null
/usr/bin/hdfs dfs -mkdir /data/bitcoin_blocks 2> /dev/null
/usr/bin/hdfs dfs -put -f /tmp/kafka_bitcoin_blocks_consumer_20140925071500_16.dat /data/bitcoin_blocks/20140925071500_16.dat 2> /dev/null
/usr/bin/hdfs dfs -mkdir /data/bitcoin_blocks 2> /dev/null
/usr/bin/hdfs dfs -put -f /tmp/kafka_bitcoin_blocks_consumer_20140925071500_17.dat /data/bitcoin_blocks/20140925071500_17.dat 2> /dev/null
/usr/bin/hdfs dfs -mkdir /data/bitcoin_blocks 2> /dev/null
/usr/bin/hdfs dfs -put -f /tmp/kafka_bitcoin_blocks_consumer_20140925071500_18.dat /data/bitcoin_blocks/20140925071500_18.dat 2> /dev/null
Lock acquired

Consuming topic: [bitcoin_blocks] into HDFS
Consuming from topic 'bitcoin_blocks' in consumer group consumer into /data...
/usr/bin/hdfs dfs -mkdir /data/bitcoin_blocks 2> /dev/null
/usr/bin/hdfs dfs -put -f /tmp/kafka_bitcoin_blocks_consumer_20140925081500_0.dat /data/bitcoin_blocks/20140925081500_0.dat 2> /dev/null
/usr/bin/hdfs dfs -mkdir /data/bitcoin_blocks 2> /dev/null
/usr/bin/hdfs dfs -put -f /tmp/kafka_bitcoin_blocks_consumer_20140925081500_1.dat /data/bitcoin_blocks/20140925081500_1.dat 2> /dev/null
/usr/bin/hdfs dfs -mkdir /data/bitcoin_blocks 2> /dev/null
/usr/bin/hdfs dfs -put -f /tmp/kafka_bitcoin_blocks_consumer_20140925081500_2.dat /data/bitcoin_blocks/20140925081500_2.dat 2> /dev/null
/usr/bin/hdfs dfs -mkdir /data/bitcoin_blocks 2> /dev/null
/usr/bin/hdfs dfs -put -f /tmp/kafka_bitcoin_blocks_consumer_20140925081500_3.dat /data/bitcoin_blocks/20140925081500_3.dat 2> /dev/null
/usr/bin/hdfs dfs -mkdir /data/bitcoin_blocks 2> /dev/null
/usr/bin/hdfs dfs -put -f /tmp/kafka_bitcoin_blocks_consumer_20140925081500_4.dat /data/bitcoin_blocks/20140925081500_4.dat 2> /dev/null
/usr/bin/hdfs dfs -mkdir /data/bitcoin_blocks 2> /dev/null
/usr/bin/hdfs dfs -put -f /tmp/kafka_bitcoin_blocks_consumer_20140925081500_5.dat /data/bitcoin_blocks/20140925081500_5.dat 2> /dev/null
/usr/bin/hdfs dfs -mkdir /data/bitcoin_blocks 2> /dev/null
/usr/bin/hdfs dfs -put -f /tmp/kafka_bitcoin_blocks_consumer_20140925081500_6.dat /data/bitcoin_blocks/20140925081500_6.dat 2> /dev/null
/usr/bin/hdfs dfs -mkdir /data/bitcoin_blocks 2> /dev/null
/usr/bin/hdfs dfs -put -f /tmp/kafka_bitcoin_blocks_consumer_20140925081500_7.dat /data/bitcoin_blocks/20140925081500_7.dat 2> /dev/null
/usr/bin/hdfs dfs -mkdir /data/bitcoin_blocks 2> /dev/null
/usr/bin/hdfs dfs -put -f /tmp/kafka_bitcoin_blocks_consumer_20140925081500_8.dat /data/bitcoin_blocks/20140925081500_8.dat 2> /dev/null
/usr/bin/hdfs dfs -mkdir /data/bitcoin_blocks 2> /dev/null
/usr/bin/hdfs dfs -put -f /tmp/kafka_bitcoin_blocks_consumer_20140925081500_9.dat /data/bitcoin_blocks/20140925081500_9.dat 2> /dev/null
/usr/bin/hdfs dfs -mkdir /data/bitcoin_blocks 2> /dev/null
/usr/bin/hdfs dfs -put -f /tmp/kafka_bitcoin_blocks_consumer_20140925081500_10.dat /data/bitcoin_blocks/20140925081500_10.dat 2> /dev/null
/usr/bin/hdfs dfs -mkdir /data/bitcoin_blocks 2> /dev/null
/usr/bin/hdfs dfs -put -f /tmp/kafka_bitcoin_blocks_consumer_20140925081500_11.dat /data/bitcoin_blocks/20140925081500_11.dat 2> /dev/null
/usr/bin/hdfs dfs -mkdir /data/bitcoin_blocks 2> /dev/null
/usr/bin/hdfs dfs -put -f /tmp/kafka_bitcoin_blocks_consumer_20140925081500_12.dat /data/bitcoin_blocks/20140925081500_12.dat 2> /dev/null
/usr/bin/hdfs dfs -mkdir /data/bitcoin_blocks 2> /dev/null
/usr/bin/hdfs dfs -put -f /tmp/kafka_bitcoin_blocks_consumer_20140925081500_13.dat /data/bitcoin_blocks/20140925081500_13.dat 2> /dev/null
/usr/bin/hdfs dfs -mkdir /data/bitcoin_blocks 2> /dev/null
/usr/bin/hdfs dfs -put -f /tmp/kafka_bitcoin_blocks_consumer_20140925081500_14.dat /data/bitcoin_blocks/20140925081500_14.dat 2> /dev/null
/usr/bin/hdfs dfs -mkdir /data/bitcoin_blocks 2> /dev/null
/usr/bin/hdfs dfs -put -f /tmp/kafka_bitcoin_blocks_consumer_20140925081500_15.dat /data/bitcoin_blocks/20140925081500_15.dat 2> /dev/null
/usr/bin/hdfs dfs -mkdir /data/bitcoin_blocks 2> /dev/null
/usr/bin/hdfs dfs -put -f /tmp/kafka_bitcoin_blocks_consumer_20140925081500_16.dat /data/bitcoin_blocks/20140925081500_16.dat 2> /dev/null
/usr/bin/hdfs dfs -mkdir /data/bitcoin_blocks 2> /dev/null
/usr/bin/hdfs dfs -put -f /tmp/kafka_bitcoin_blocks_consumer_20140925081500_17.dat /data/bitcoin_blocks/20140925081500_17.dat 2> /dev/null
/usr/bin/hdfs dfs -mkdir /data/bitcoin_blocks 2> /dev/null
/usr/bin/hdfs dfs -put -f /tmp/kafka_bitcoin_blocks_consumer_20140925081500_18.dat /data/bitcoin_blocks/20140925081500_18.dat 2> /dev/null
/usr/bin/hdfs dfs -mkdir /data/bitcoin_blocks 2> /dev/null
/usr/bin/hdfs dfs -put -f /tmp/kafka_bitcoin_blocks_consumer_20140925081500_19.dat /data/bitcoin_blocks/20140925081500_19.dat 2> /dev/null
/usr/bin/hdfs dfs -mkdir /data/bitcoin_blocks 2> /dev/null
/usr/bin/hdfs dfs -put -f /tmp/kafka_bitcoin_blocks_consumer_20140925081500_20.dat /data/bitcoin_blocks/20140925081500_20.dat 2> /dev/null
/usr/bin/hdfs dfs -mkdir /data/bitcoin_blocks 2> /dev/null
/usr/bin/hdfs dfs -put -f /tmp/kafka_bitcoin_blocks_consumer_20140925081500_21.dat /data/bitcoin_blocks/20140925081500_21.dat 2> /dev/null
/usr/bin/hdfs dfs -mkdir /data/bitcoin_blocks 2> /dev/null
/usr/bin/hdfs dfs -put -f /tmp/kafka_bitcoin_blocks_consumer_20140925081500_22.dat /data/bitcoin_blocks/20140925081500_22.dat 2> /dev/null
/usr/bin/hdfs dfs -mkdir /data/bitcoin_blocks 2> /dev/null
/usr/bin/hdfs dfs -put -f /tmp/kafka_bitcoin_blocks_consumer_20140925081500_23.dat /data/bitcoin_blocks/20140925081500_23.dat 2> /dev/null
/usr/bin/hdfs dfs -mkdir /data/bitcoin_blocks 2> /dev/null
/usr/bin/hdfs dfs -put -f /tmp/kafka_bitcoin_blocks_consumer_20140925081500_24.dat /data/bitcoin_blocks/20140925081500_24.dat 2> /dev/null
/usr/bin/hdfs dfs -mkdir /data/bitcoin_blocks 2> /dev/null
/usr/bin/hdfs dfs -put -f /tmp/kafka_bitcoin_blocks_consumer_20140925081500_25.dat /data/bitcoin_blocks/20140925081500_25.dat 2> /dev/null
/usr/bin/hdfs dfs -mkdir /data/bitcoin_blocks 2> /dev/null
/usr/bin/hdfs dfs -put -f /tmp/kafka_bitcoin_blocks_consumer_20140925081500_26.dat /data/bitcoin_blocks/20140925081500_26.dat 2> /dev/null
/usr/bin/hdfs dfs -mkdir /data/bitcoin_blocks 2> /dev/null
/usr/bin/hdfs dfs -put -f /tmp/kafka_bitcoin_blocks_consumer_20140925081500_27.dat /data/bitcoin_blocks/20140925081500_27.dat 2> /dev/null
/usr/bin/hdfs dfs -mkdir /data/bitcoin_blocks 2> /dev/null
/usr/bin/hdfs dfs -put -f /tmp/kafka_bitcoin_blocks_consumer_20140925081500_28.dat /data/bitcoin_blocks/20140925081500_28.dat 2> /dev/null
/usr/bin/hdfs dfs -mkdir /data/bitcoin_blocks 2> /dev/null
/usr/bin/hdfs dfs -put -f /tmp/kafka_bitcoin_blocks_consumer_20140925081500_29.dat /data/bitcoin_blocks/20140925081500_29.dat 2> /dev/null
/usr/bin/hdfs dfs -mkdir /data/bitcoin_blocks 2> /dev/null
/usr/bin/hdfs dfs -put -f /tmp/kafka_bitcoin_blocks_consumer_20140925081500_30.dat /data/bitcoin_blocks/20140925081500_30.dat 2> /dev/null
/usr/bin/hdfs dfs -mkdir /data/bitcoin_blocks 2> /dev/null
/usr/bin/hdfs dfs -put -f /tmp/kafka_bitcoin_blocks_consumer_20140925081500_31.dat /data/bitcoin_blocks/20140925081500_31.dat 2> /dev/null
/usr/bin/hdfs dfs -mkdir /data/bitcoin_blocks 2> /dev/null
/usr/bin/hdfs dfs -put -f /tmp/kafka_bitcoin_blocks_consumer_20140925081500_32.dat /data/bitcoin_blocks/20140925081500_32.dat 2> /dev/null
/usr/bin/hdfs dfs -mkdir /data/bitcoin_blocks 2> /dev/null
/usr/bin/hdfs dfs -put -f /tmp/kafka_bitcoin_blocks_consumer_20140925081500_33.dat /data/bitcoin_blocks/20140925081500_33.dat 2> /dev/null
/usr/bin/hdfs dfs -mkdir /data/bitcoin_blocks 2> /dev/null
/usr/bin/hdfs dfs -put -f /tmp/kafka_bitcoin_blocks_consumer_20140925081500_34.dat /data/bitcoin_blocks/20140925081500_34.dat 2> /dev/null
/usr/bin/hdfs dfs -mkdir /data/bitcoin_blocks 2> /dev/null
/usr/bin/hdfs dfs -put -f /tmp/kafka_bitcoin_blocks_consumer_20140925081500_35.dat /data/bitcoin_blocks/20140925081500_35.dat 2> /dev/null
/usr/bin/hdfs dfs -mkdir /data/bitcoin_blocks 2> /dev/null
/usr/bin/hdfs dfs -put -f /tmp/kafka_bitcoin_blocks_consumer_20140925081500_36.dat /data/bitcoin_blocks/20140925081500_36.dat 2> /dev/null
/usr/bin/hdfs dfs -mkdir /data/bitcoin_blocks 2> /dev/null
/usr/bin/hdfs dfs -put -f /tmp/kafka_bitcoin_blocks_consumer_20140925081500_37.dat /data/bitcoin_blocks/20140925081500_37.dat 2> /dev/null
/usr/bin/hdfs dfs -mkdir /data/bitcoin_blocks 2> /dev/null
/usr/bin/hdfs dfs -put -f /tmp/kafka_bitcoin_blocks_consumer_20140925081500_38.dat /data/bitcoin_blocks/20140925081500_38.dat 2> /dev/null
/usr/bin/hdfs dfs -mkdir /data/bitcoin_blocks 2> /dev/null
/usr/bin/hdfs dfs -put -f /tmp/kafka_bitcoin_blocks_consumer_20140925081500_39.dat /data/bitcoin_blocks/20140925081500_39.dat 2> /dev/null
/usr/bin/hdfs dfs -mkdir /data/bitcoin_blocks 2> /dev/null
/usr/bin/hdfs dfs -put -f /tmp/kafka_bitcoin_blocks_consumer_20140925081500_40.dat /data/bitcoin_blocks/20140925081500_40.dat 2> /dev/null
/usr/bin/hdfs dfs -mkdir /data/bitcoin_blocks 2> /dev/null
/usr/bin/hdfs dfs -put -f /tmp/kafka_bitcoin_blocks_consumer_20140925081500_41.dat /data/bitcoin_blocks/20140925081500_41.dat 2> /dev/null
/usr/bin/hdfs dfs -mkdir /data/bitcoin_blocks 2> /dev/null
/usr/bin/hdfs dfs -put -f /tmp/kafka_bitcoin_blocks_consumer_20140925081500_42.dat /data/bitcoin_blocks/20140925081500_42.dat 2> /dev/null
/usr/bin/hdfs dfs -mkdir /data/bitcoin_blocks 2> /dev/null
/usr/bin/hdfs dfs -put -f /tmp/kafka_bitcoin_blocks_consumer_20140925081500_43.dat /data/bitcoin_blocks/20140925081500_43.dat 2> /dev/null
/usr/bin/hdfs dfs -mkdir /data/bitcoin_blocks 2> /dev/null
/usr/bin/hdfs dfs -put -f /tmp/kafka_bitcoin_blocks_consumer_20140925081500_44.dat /data/bitcoin_blocks/20140925081500_44.dat 2> /dev/null
/usr/bin/hdfs dfs -mkdir /data/bitcoin_blocks 2> /dev/null
/usr/bin/hdfs dfs -put -f /tmp/kafka_bitcoin_blocks_consumer_20140925081500_45.dat /data/bitcoin_blocks/20140925081500_45.dat 2> /dev/null
/usr/bin/hdfs dfs -mkdir /data/bitcoin_blocks 2> /dev/null
/usr/bin/hdfs dfs -put -f /tmp/kafka_bitcoin_blocks_consumer_20140925081500_46.dat /data/bitcoin_blocks/20140925081500_46.dat 2> /dev/null
/usr/bin/hdfs dfs -mkdir /data/bitcoin_blocks 2> /dev/null
/usr/bin/hdfs dfs -put -f /tmp/kafka_bitcoin_blocks_consumer_20140925081500_47.dat /data/bitcoin_blocks/20140925081500_47.dat 2> /dev/null
/usr/bin/hdfs dfs -mkdir /data/bitcoin_blocks 2> /dev/null
/usr/bin/hdfs dfs -put -f /tmp/kafka_bitcoin_blocks_consumer_20140925081500_48.dat /data/bitcoin_blocks/20140925081500_48.dat 2> /dev/null
/usr/bin/hdfs dfs -mkdir /data/bitcoin_blocks 2> /dev/null
/usr/bin/hdfs dfs -put -f /tmp/kafka_bitcoin_blocks_consumer_20140925081500_49.dat /data/bitcoin_blocks/20140925081500_49.dat 2> /dev/null
/usr/bin/hdfs dfs -mkdir /data/bitcoin_blocks 2> /dev/null
/usr/bin/hdfs dfs -put -f /tmp/kafka_bitcoin_blocks_consumer_20140925081500_50.dat /data/bitcoin_blocks/20140925081500_50.dat 2> /dev/null
/usr/bin/hdfs dfs -mkdir /data/bitcoin_blocks 2> /dev/null
/usr/bin/hdfs dfs -put -f /tmp/kafka_bitcoin_blocks_consumer_20140925081500_51.dat /data/bitcoin_blocks/20140925081500_51.dat 2> /dev/null
/usr/bin/hdfs dfs -mkdir /data/bitcoin_blocks 2> /dev/null
/usr/bin/hdfs dfs -put -f /tmp/kafka_bitcoin_blocks_consumer_20140925081500_52.dat /data/bitcoin_blocks/20140925081500_52.dat 2> /dev/null
/usr/bin/hdfs dfs -mkdir /data/bitcoin_blocks 2> /dev/null
/usr/bin/hdfs dfs -put -f /tmp/kafka_bitcoin_blocks_consumer_20140925081500_53.dat /data/bitcoin_blocks/20140925081500_53.dat 2> /dev/null
/usr/bin/hdfs dfs -mkdir /data/bitcoin_blocks 2> /dev/null
/usr/bin/hdfs dfs -put -f /tmp/kafka_bitcoin_blocks_consumer_20140925081500_54.dat /data/bitcoin_blocks/20140925081500_54.dat 2> /dev/null
/usr/bin/hdfs dfs -mkdir /data/bitcoin_blocks 2> /dev/null
/usr/bin/hdfs dfs -put -f /tmp/kafka_bitcoin_blocks_consumer_20140925081500_55.dat /data/bitcoin_blocks/20140925081500_55.dat 2> /dev/null
/usr/bin/hdfs dfs -mkdir /data/bitcoin_blocks 2> /dev/null
/usr/bin/hdfs dfs -put -f /tmp/kafka_bitcoin_blocks_consumer_20140925081500_56.dat /data/bitcoin_blocks/20140925081500_56.dat 2> /dev/null
/usr/bin/hdfs dfs -mkdir /data/bitcoin_blocks 2> /dev/null
/usr/bin/hdfs dfs -put -f /tmp/kafka_bitcoin_blocks_consumer_20140925081500_57.dat /data/bitcoin_blocks/20140925081500_57.dat 2> /dev/null
/usr/bin/hdfs dfs -mkdir /data/bitcoin_blocks 2> /dev/null
/usr/bin/hdfs dfs -put -f /tmp/kafka_bitcoin_blocks_consumer_20140925081500_58.dat /data/bitcoin_blocks/20140925081500_58.dat 2> /dev/null
/usr/bin/hdfs dfs -mkdir /data/bitcoin_blocks 2> /dev/null
/usr/bin/hdfs dfs -put -f /tmp/kafka_bitcoin_blocks_consumer_20140925081500_59.dat /data/bitcoin_blocks/20140925081500_59.dat 2> /dev/null
/usr/bin/hdfs dfs -mkdir /data/bitcoin_blocks 2> /dev/null
/usr/bin/hdfs dfs -put -f /tmp/kafka_bitcoin_blocks_consumer_20140925081500_60.dat /data/bitcoin_blocks/20140925081500_60.dat 2> /dev/null
/usr/bin/hdfs dfs -mkdir /data/bitcoin_blocks 2> /dev/null
/usr/bin/hdfs dfs -put -f /tmp/kafka_bitcoin_blocks_consumer_20140925081500_61.dat /data/bitcoin_blocks/20140925081500_61.dat 2> /dev/null
/usr/bin/hdfs dfs -mkdir /data/bitcoin_blocks 2> /dev/null
/usr/bin/hdfs dfs -put -f /tmp/kafka_bitcoin_blocks_consumer_20140925081500_62.dat /data/bitcoin_blocks/20140925081500_62.dat 2> /dev/null
/usr/bin/hdfs dfs -mkdir /data/bitcoin_blocks 2> /dev/null
/usr/bin/hdfs dfs -put -f /tmp/kafka_bitcoin_blocks_consumer_20140925081500_63.dat /data/bitcoin_blocks/20140925081500_63.dat 2> /dev/null
/usr/bin/hdfs dfs -mkdir /data/bitcoin_blocks 2> /dev/null
/usr/bin/hdfs dfs -put -f /tmp/kafka_bitcoin_blocks_consumer_20140925081500_64.dat /data/bitcoin_blocks/20140925081500_64.dat 2> /dev/null
/usr/bin/hdfs dfs -mkdir /data/bitcoin_blocks 2> /dev/null
/usr/bin/hdfs dfs -put -f /tmp/kafka_bitcoin_blocks_consumer_20140925081500_65.dat /data/bitcoin_blocks/20140925081500_65.dat 2> /dev/null
/usr/bin/hdfs dfs -mkdir /data/bitcoin_blocks 2> /dev/null
/usr/bin/hdfs dfs -put -f /tmp/kafka_bitcoin_blocks_consumer_20140925081500_66.dat /data/bitcoin_blocks/20140925081500_66.dat 2> /dev/null
/usr/bin/hdfs dfs -mkdir /data/bitcoin_blocks 2> /dev/null
/usr/bin/hdfs dfs -put -f /tmp/kafka_bitcoin_blocks_consumer_20140925081500_67.dat /data/bitcoin_blocks/20140925081500_67.dat 2> /dev/null
/usr/bin/hdfs dfs -mkdir /data/bitcoin_blocks 2> /dev/null
/usr/bin/hdfs dfs -put -f /tmp/kafka_bitcoin_blocks_consumer_20140925081500_68.dat /data/bitcoin_blocks/20140925081500_68.dat 2> /dev/null
/usr/bin/hdfs dfs -mkdir /data/bitcoin_blocks 2> /dev/null
/usr/bin/hdfs dfs -put -f /tmp/kafka_bitcoin_blocks_consumer_20140925081500_69.dat /data/bitcoin_blocks/20140925081500_69.dat 2> /dev/null
/usr/bin/hdfs dfs -mkdir /data/bitcoin_blocks 2> /dev/null
/usr/bin/hdfs dfs -put -f /tmp/kafka_bitcoin_blocks_consumer_20140925081500_70.dat /data/bitcoin_blocks/20140925081500_70.dat 2> /dev/null
/usr/bin/hdfs dfs -mkdir /data/bitcoin_blocks 2> /dev/null
/usr/bin/hdfs dfs -put -f /tmp/kafka_bitcoin_blocks_consumer_20140925081500_71.dat /data/bitcoin_blocks/20140925081500_71.dat 2> /dev/null
/usr/bin/hdfs dfs -mkdir /data/bitcoin_blocks 2> /dev/null
/usr/bin/hdfs dfs -put -f /tmp/kafka_bitcoin_blocks_consumer_20140925081500_72.dat /data/bitcoin_blocks/20140925081500_72.dat 2> /dev/null
/usr/bin/hdfs dfs -mkdir /data/bitcoin_blocks 2> /dev/null
/usr/bin/hdfs dfs -put -f /tmp/kafka_bitcoin_blocks_consumer_20140925081500_73.dat /data/bitcoin_blocks/20140925081500_73.dat 2> /dev/null
/usr/bin/hdfs dfs -mkdir /data/bitcoin_blocks 2> /dev/null
/usr/bin/hdfs dfs -put -f /tmp/kafka_bitcoin_blocks_consumer_20140925081500_74.dat /data/bitcoin_blocks/20140925081500_74.dat 2> /dev/null
/usr/bin/hdfs dfs -mkdir /data/bitcoin_blocks 2> /dev/null
/usr/bin/hdfs dfs -put -f /tmp/kafka_bitcoin_blocks_consumer_20140925081500_75.dat /data/bitcoin_blocks/20140925081500_75.dat 2> /dev/null
/usr/bin/hdfs dfs -mkdir /data/bitcoin_blocks 2> /dev/null
/usr/bin/hdfs dfs -put -f /tmp/kafka_bitcoin_blocks_consumer_20140925081500_76.dat /data/bitcoin_blocks/20140925081500_76.dat 2> /dev/null
/usr/bin/hdfs dfs -mkdir /data/bitcoin_blocks 2> /dev/null
/usr/bin/hdfs dfs -put -f /tmp/kafka_bitcoin_blocks_consumer_20140925081500_77.dat /data/bitcoin_blocks/20140925081500_77.dat 2> /dev/null
/usr/bin/hdfs dfs -mkdir /data/bitcoin_blocks 2> /dev/null
/usr/bin/hdfs dfs -put -f /tmp/kafka_bitcoin_blocks_consumer_20140925081500_78.dat /data/bitcoin_blocks/20140925081500_78.dat 2> /dev/null
/usr/bin/hdfs dfs -mkdir /data/bitcoin_blocks 2> /dev/null
/usr/bin/hdfs dfs -put -f /tmp/kafka_bitcoin_blocks_consumer_20140925081500_79.dat /data/bitcoin_blocks/20140925081500_79.dat 2> /dev/null
/usr/bin/hdfs dfs -mkdir /data/bitcoin_blocks 2> /dev/null
/usr/bin/hdfs dfs -put -f /tmp/kafka_bitcoin_blocks_consumer_20140925081500_80.dat /data/bitcoin_blocks/20140925081500_80.dat 2> /dev/null
/usr/bin/hdfs dfs -mkdir /data/bitcoin_blocks 2> /dev/null
/usr/bin/hdfs dfs -put -f /tmp/kafka_bitcoin_blocks_consumer_20140925081500_81.dat /data/bitcoin_blocks/20140925081500_81.dat 2> /dev/null
/usr/bin/hdfs dfs -mkdir /data/bitcoin_blocks 2> /dev/null
/usr/bin/hdfs dfs -put -f /tmp/kafka_bitcoin_blocks_consumer_20140925081500_82.dat /data/bitcoin_blocks/20140925081500_82.dat 2> /dev/null
/usr/bin/hdfs dfs -mkdir /data/bitcoin_blocks 2> /dev/null
/usr/bin/hdfs dfs -put -f /tmp/kafka_bitcoin_blocks_consumer_20140925081500_83.dat /data/bitcoin_blocks/20140925081500_83.dat 2> /dev/null
/usr/bin/hdfs dfs -mkdir /data/bitcoin_blocks 2> /dev/null
/usr/bin/hdfs dfs -put -f /tmp/kafka_bitcoin_blocks_consumer_20140925081500_84.dat /data/bitcoin_blocks/20140925081500_84.dat 2> /dev/null
/usr/bin/hdfs dfs -mkdir /data/bitcoin_blocks 2> /dev/null
/usr/bin/hdfs dfs -put -f /tmp/kafka_bitcoin_blocks_consumer_20140925081500_85.dat /data/bitcoin_blocks/20140925081500_85.dat 2> /dev/null
/usr/bin/hdfs dfs -mkdir /data/bitcoin_blocks 2> /dev/null
/usr/bin/hdfs dfs -put -f /tmp/kafka_bitcoin_blocks_consumer_20140925081500_86.dat /data/bitcoin_blocks/20140925081500_86.dat 2> /dev/null
/usr/bin/hdfs dfs -mkdir /data/bitcoin_blocks 2> /dev/null
/usr/bin/hdfs dfs -put -f /tmp/kafka_bitcoin_blocks_consumer_20140925081500_87.dat /data/bitcoin_blocks/20140925081500_87.dat 2> /dev/null
/usr/bin/hdfs dfs -mkdir /data/bitcoin_blocks 2> /dev/null
/usr/bin/hdfs dfs -put -f /tmp/kafka_bitcoin_blocks_consumer_20140925081500_88.dat /data/bitcoin_blocks/20140925081500_88.dat 2> /dev/null
/usr/bin/hdfs dfs -mkdir /data/bitcoin_blocks 2> /dev/null
/usr/bin/hdfs dfs -put -f /tmp/kafka_bitcoin_blocks_consumer_20140925081500_89.dat /data/bitcoin_blocks/20140925081500_89.dat 2> /dev/null
/usr/bin/hdfs dfs -mkdir /data/bitcoin_blocks 2> /dev/null
/usr/bin/hdfs dfs -put -f /tmp/kafka_bitcoin_blocks_consumer_20140925081500_90.dat /data/bitcoin_blocks/20140925081500_90.dat 2> /dev/null
/usr/bin/hdfs dfs -mkdir /data/bitcoin_blocks 2> /dev/null
/usr/bin/hdfs dfs -put -f /tmp/kafka_bitcoin_blocks_consumer_20140925081500_91.dat /data/bitcoin_blocks/20140925081500_91.dat 2> /dev/null
/usr/bin/hdfs dfs -mkdir /data/bitcoin_blocks 2> /dev/null
/usr/bin/hdfs dfs -put -f /tmp/kafka_bitcoin_blocks_consumer_20140925081500_92.dat /data/bitcoin_blocks/20140925081500_92.dat 2> /dev/null
/usr/bin/hdfs dfs -mkdir /data/bitcoin_blocks 2> /dev/null
/usr/bin/hdfs dfs -put -f /tmp/kafka_bitcoin_blocks_consumer_20140925081500_93.dat /data/bitcoin_blocks/20140925081500_93.dat 2> /dev/null
/usr/bin/hdfs dfs -mkdir /data/bitcoin_blocks 2> /dev/null
/usr/bin/hdfs dfs -put -f /tmp/kafka_bitcoin_blocks_consumer_20140925081500_94.dat /data/bitcoin_blocks/20140925081500_94.dat 2> /dev/null
/usr/bin/hdfs dfs -mkdir /data/bitcoin_blocks 2> /dev/null
/usr/bin/hdfs dfs -put -f /tmp/kafka_bitcoin_blocks_consumer_20140925081500_95.dat /data/bitcoin_blocks/20140925081500_95.dat 2> /dev/null
/usr/bin/hdfs dfs -mkdir /data/bitcoin_blocks 2> /dev/null
/usr/bin/hdfs dfs -put -f /tmp/kafka_bitcoin_blocks_consumer_20140925081500_96.dat /data/bitcoin_blocks/20140925081500_96.dat 2> /dev/null
/usr/bin/hdfs dfs -mkdir /data/bitcoin_blocks 2> /dev/null
/usr/bin/hdfs dfs -put -f /tmp/kafka_bitcoin_blocks_consumer_20140925081500_97.dat /data/bitcoin_blocks/20140925081500_97.dat 2> /dev/null
/usr/bin/hdfs dfs -mkdir /data/bitcoin_blocks 2> /dev/null
/usr/bin/hdfs dfs -put -f /tmp/kafka_bitcoin_blocks_consumer_20140925081500_98.dat /data/bitcoin_blocks/20140925081500_98.dat 2> /dev/null
/usr/bin/hdfs dfs -mkdir /data/bitcoin_blocks 2> /dev/null
/usr/bin/hdfs dfs -put -f /tmp/kafka_bitcoin_blocks_consumer_20140925081500_99.dat /data/bitcoin_blocks/20140925081500_99.dat 2> /dev/null
/usr/bin/hdfs dfs -mkdir /data/bitcoin_blocks 2> /dev/null
/usr/bin/hdfs dfs -put -f /tmp/kafka_bitcoin_blocks_consumer_20140925081500_100.dat /data/bitcoin_blocks/20140925081500_100.dat 2> /dev/null
/usr/bin/hdfs dfs -mkdir /data/bitcoin_blocks 2> /dev/null
/usr/bin/hdfs dfs -put -f /tmp/kafka_bitcoin_blocks_consumer_20140925081500_101.dat /data/bitcoin_blocks/20140925081500_101.dat 2> /dev/null
/usr/bin/hdfs dfs -mkdir /data/bitcoin_blocks 2> /dev/null
/usr/bin/hdfs dfs -put -f /tmp/kafka_bitcoin_blocks_consumer_20140925081500_102.dat /data/bitcoin_blocks/20140925081500_102.dat 2> /dev/null
/usr/bin/hdfs dfs -mkdir /data/bitcoin_blocks 2> /dev/null
/usr/bin/hdfs dfs -put -f /tmp/kafka_bitcoin_blocks_consumer_20140925081500_103.dat /data/bitcoin_blocks/20140925081500_103.dat 2> /dev/null
/usr/bin/hdfs dfs -mkdir /data/bitcoin_blocks 2> /dev/null
/usr/bin/hdfs dfs -put -f /tmp/kafka_bitcoin_blocks_consumer_20140925081500_104.dat /data/bitcoin_blocks/20140925081500_104.dat 2> /dev/null
/usr/bin/hdfs dfs -mkdir /data/bitcoin_blocks 2> /dev/null
/usr/bin/hdfs dfs -put -f /tmp/kafka_bitcoin_blocks_consumer_20140925081500_105.dat /data/bitcoin_blocks/20140925081500_105.dat 2> /dev/null
/usr/bin/hdfs dfs -mkdir /data/bitcoin_blocks 2> /dev/null
/usr/bin/hdfs dfs -put -f /tmp/kafka_bitcoin_blocks_consumer_20140925081500_106.dat /data/bitcoin_blocks/20140925081500_106.dat 2> /dev/null
/usr/bin/hdfs dfs -mkdir /data/bitcoin_blocks 2> /dev/null
/usr/bin/hdfs dfs -put -f /tmp/kafka_bitcoin_blocks_consumer_20140925081500_107.dat /data/bitcoin_blocks/20140925081500_107.dat 2> /dev/null
/usr/bin/hdfs dfs -mkdir /data/bitcoin_blocks 2> /dev/null
/usr/bin/hdfs dfs -put -f /tmp/kafka_bitcoin_blocks_consumer_20140925081500_108.dat /data/bitcoin_blocks/20140925081500_108.dat 2> /dev/null
/usr/bin/hdfs dfs -mkdir /data/bitcoin_blocks 2> /dev/null
/usr/bin/hdfs dfs -put -f /tmp/kafka_bitcoin_blocks_consumer_20140925081500_109.dat /data/bitcoin_blocks/20140925081500_109.dat 2> /dev/null
/usr/bin/hdfs dfs -mkdir /data/bitcoin_blocks 2> /dev/null
/usr/bin/hdfs dfs -put -f /tmp/kafka_bitcoin_blocks_consumer_20140925081500_110.dat /data/bitcoin_blocks/20140925081500_110.dat 2> /dev/null
/usr/bin/hdfs dfs -mkdir /data/bitcoin_blocks 2> /dev/null
/usr/bin/hdfs dfs -put -f /tmp/kafka_bitcoin_blocks_consumer_20140925081500_111.dat /data/bitcoin_blocks/20140925081500_111.dat 2> /dev/null
/usr/bin/hdfs dfs -mkdir /data/bitcoin_blocks 2> /dev/null
/usr/bin/hdfs dfs -put -f /tmp/kafka_bitcoin_blocks_consumer_20140925081500_112.dat /data/bitcoin_blocks/20140925081500_112.dat 2> /dev/null
/usr/bin/hdfs dfs -mkdir /data/bitcoin_blocks 2> /dev/null
/usr/bin/hdfs dfs -put -f /tmp/kafka_bitcoin_blocks_consumer_20140925081500_113.dat /data/bitcoin_blocks/20140925081500_113.dat 2> /dev/null
/usr/bin/hdfs dfs -mkdir /data/bitcoin_blocks 2> /dev/null
/usr/bin/hdfs dfs -put -f /tmp/kafka_bitcoin_blocks_consumer_20140925081500_114.dat /data/bitcoin_blocks/20140925081500_114.dat 2> /dev/null
/usr/bin/hdfs dfs -mkdir /data/bitcoin_blocks 2> /dev/null
/usr/bin/hdfs dfs -put -f /tmp/kafka_bitcoin_blocks_consumer_20140925081500_115.dat /data/bitcoin_blocks/20140925081500_115.dat 2> /dev/null
/usr/bin/hdfs dfs -mkdir /data/bitcoin_blocks 2> /dev/null
/usr/bin/hdfs dfs -put -f /tmp/kafka_bitcoin_blocks_consumer_20140925081500_116.dat /data/bitcoin_blocks/20140925081500_116.dat 2> /dev/null
/usr/bin/hdfs dfs -mkdir /data/bitcoin_blocks 2> /dev/null
/usr/bin/hdfs dfs -put -f /tmp/kafka_bitcoin_blocks_consumer_20140925081500_117.dat /data/bitcoin_blocks/20140925081500_117.dat 2> /dev/null
/usr/bin/hdfs dfs -mkdir /data/bitcoin_blocks 2> /dev/null
/usr/bin/hdfs dfs -put -f /tmp/kafka_bitcoin_blocks_consumer_20140925081500_118.dat /data/bitcoin_blocks/20140925081500_118.dat 2> /dev/null
/usr/bin/hdfs dfs -mkdir /data/bitcoin_blocks 2> /dev/null
/usr/bin/hdfs dfs -put -f /tmp/kafka_bitcoin_blocks_consumer_20140925081500_119.dat /data/bitcoin_blocks/20140925081500_119.dat 2> /dev/null
/usr/bin/hdfs dfs -mkdir /data/bitcoin_blocks 2> /dev/null
/usr/bin/hdfs dfs -put -f /tmp/kafka_bitcoin_blocks_consumer_20140925081500_120.dat /data/bitcoin_blocks/20140925081500_120.dat 2> /dev/null
/usr/bin/hdfs dfs -mkdir /data/bitcoin_blocks 2> /dev/null
/usr/bin/hdfs dfs -put -f /tmp/kafka_bitcoin_blocks_consumer_20140925081500_121.dat /data/bitcoin_blocks/20140925081500_121.dat 2> /dev/null
/usr/bin/hdfs dfs -mkdir /data/bitcoin_blocks 2> /dev/null
/usr/bin/hdfs dfs -put -f /tmp/kafka_bitcoin_blocks_consumer_20140925081500_122.dat /data/bitcoin_blocks/20140925081500_122.dat 2> /dev/null
Lock acquired

Consuming topic: [bitcoin_blocks] into HDFS
Consuming from topic 'bitcoin_blocks' in consumer group consumer into /data...
Lock acquired

Consuming topic: [bitcoin_blocks] into HDFS
Consuming from topic 'bitcoin_blocks' in consumer group consumer into /data...
Lock acquired

Consuming topic: [bitcoin_blocks] into HDFS
Consuming from topic 'bitcoin_blocks' in consumer group consumer into /data...
Lock acquired

Consuming topic: [bitcoin_blocks] into HDFS
Consuming from topic 'bitcoin_blocks' in consumer group consumer into /data...
Lock acquired

Consuming topic: [bitcoin_blocks] into HDFS
Consuming from topic 'bitcoin_blocks' in consumer group consumer into /data...
Lock acquired

Consuming topic: [bitcoin_blocks] into HDFS
Consuming from topic 'bitcoin_blocks' in consumer group consumer into /data...
Lock acquired

Consuming topic: [bitcoin_blocks] into HDFS
Consuming from topic 'bitcoin_blocks' in consumer group consumer into /data...
Lock acquired

Consuming topic: [bitcoin_blocks] into HDFS
Consuming from topic 'bitcoin_blocks' in consumer group consumer into /data...
Lock acquired

Consuming topic: [bitcoin_blocks] into HDFS
Consuming from topic 'bitcoin_blocks' in consumer group consumer into /data...
Lock acquired

Consuming topic: [bitcoin_blocks] into HDFS
Consuming from topic 'bitcoin_blocks' in consumer group consumer into /data...
Lock acquired

Consuming topic: [bitcoin_blocks] into HDFS
Consuming from topic 'bitcoin_blocks' in consumer group consumer into /data...
Lock acquired

Consuming topic: [bitcoin_blocks] into HDFS
Consuming from topic 'bitcoin_blocks' in consumer group consumer into /data...
Lock acquired

Consuming topic: [bitcoin_blocks] into HDFS
Consuming from topic 'bitcoin_blocks' in consumer group consumer into /data...
Lock acquired

Consuming topic: [bitcoin_blocks] into HDFS
Consuming from topic 'bitcoin_blocks' in consumer group consumer into /data...
/usr/bin/hdfs dfs -mkdir /data/bitcoin_blocks 2> /dev/null
/usr/bin/hdfs dfs -put -f /tmp/kafka_bitcoin_blocks_consumer_20140925212200_0.dat /data/bitcoin_blocks/20140925212200_0.dat 2> /dev/null
Lock acquired

Consuming topic: [bitcoin_blocks] into HDFS
Consuming from topic 'bitcoin_blocks' in consumer group consumer into /data...
/usr/bin/hdfs dfs -mkdir /data/bitcoin_blocks 2> /dev/null
/usr/bin/hdfs dfs -put -f /tmp/kafka_bitcoin_blocks_consumer_20140925221500_0.dat /data/bitcoin_blocks/20140925221500_0.dat 2> /dev/null
Lock acquired

Consuming topic: [bitcoin_blocks] into HDFS
Consuming from topic 'bitcoin_blocks' in consumer group consumer into /data...
/usr/bin/hdfs dfs -mkdir /data/bitcoin_blocks 2> /dev/null
/usr/bin/hdfs dfs -put -f /tmp/kafka_bitcoin_blocks_consumer_20140925231500_0.dat /data/bitcoin_blocks/20140925231500_0.dat 2> /dev/null
Lock acquired

Consuming topic: [bitcoin_blocks] into HDFS
Consuming from topic 'bitcoin_blocks' in consumer group consumer into /data...
/usr/bin/hdfs dfs -mkdir /data/bitcoin_blocks 2> /dev/null
/usr/bin/hdfs dfs -put -f /tmp/kafka_bitcoin_blocks_consumer_20140926001500_0.dat /data/bitcoin_blocks/20140926001500_0.dat 2> /dev/null
Lock acquired

Consuming topic: [bitcoin_blocks] into HDFS
Consuming from topic 'bitcoin_blocks' in consumer group consumer into /data...
/usr/bin/hdfs dfs -mkdir /data/bitcoin_blocks 2> /dev/null
/usr/bin/hdfs dfs -put -f /tmp/kafka_bitcoin_blocks_consumer_20140926011500_0.dat /data/bitcoin_blocks/20140926011500_0.dat 2> /dev/null
Lock acquired

Consuming topic: [bitcoin_blocks] into HDFS
Consuming from topic 'bitcoin_blocks' in consumer group consumer into /data...
/usr/bin/hdfs dfs -mkdir /data/bitcoin_blocks 2> /dev/null
/usr/bin/hdfs dfs -put -f /tmp/kafka_bitcoin_blocks_consumer_20140926021500_0.dat /data/bitcoin_blocks/20140926021500_0.dat 2> /dev/null
Lock acquired

Consuming topic: [bitcoin_blocks] into HDFS
Consuming from topic 'bitcoin_blocks' in consumer group consumer into /data...
/usr/bin/hdfs dfs -mkdir /data/bitcoin_blocks 2> /dev/null
/usr/bin/hdfs dfs -put -f /tmp/kafka_bitcoin_blocks_consumer_20140926031500_0.dat /data/bitcoin_blocks/20140926031500_0.dat 2> /dev/null
Lock acquired

Consuming topic: [bitcoin_blocks] into HDFS
Consuming from topic 'bitcoin_blocks' in consumer group consumer into /data...
/usr/bin/hdfs dfs -mkdir /data/bitcoin_blocks 2> /dev/null
/usr/bin/hdfs dfs -put -f /tmp/kafka_bitcoin_blocks_consumer_20140926041500_0.dat /data/bitcoin_blocks/20140926041500_0.dat 2> /dev/null
Lock acquired

Consuming topic: [bitcoin_blocks] into HDFS
Consuming from topic 'bitcoin_blocks' in consumer group consumer into /data...
/usr/bin/hdfs dfs -mkdir /data/bitcoin_blocks 2> /dev/null
/usr/bin/hdfs dfs -put -f /tmp/kafka_bitcoin_blocks_consumer_20140926051500_0.dat /data/bitcoin_blocks/20140926051500_0.dat 2> /dev/null
Lock acquired

Consuming topic: [bitcoin_blocks] into HDFS
Consuming from topic 'bitcoin_blocks' in consumer group consumer into /data...
/usr/bin/hdfs dfs -mkdir /data/bitcoin_blocks 2> /dev/null
/usr/bin/hdfs dfs -put -f /tmp/kafka_bitcoin_blocks_consumer_20140926061500_0.dat /data/bitcoin_blocks/20140926061500_0.dat 2> /dev/null
Lock acquired

Consuming topic: [bitcoin_blocks] into HDFS
Consuming from topic 'bitcoin_blocks' in consumer group consumer into /data...
/usr/bin/hdfs dfs -mkdir /data/bitcoin_blocks 2> /dev/null
/usr/bin/hdfs dfs -put -f /tmp/kafka_bitcoin_blocks_consumer_20140926071500_0.dat /data/bitcoin_blocks/20140926071500_0.dat 2> /dev/null
Lock acquired

Consuming topic: [bitcoin_blocks] into HDFS
Consuming from topic 'bitcoin_blocks' in consumer group consumer into /data...
/usr/bin/hdfs dfs -mkdir /data/bitcoin_blocks 2> /dev/null
/usr/bin/hdfs dfs -put -f /tmp/kafka_bitcoin_blocks_consumer_20140926081500_0.dat /data/bitcoin_blocks/20140926081500_0.dat 2> /dev/null
Lock acquired

Consuming topic: [bitcoin_blocks] into HDFS
Consuming from topic 'bitcoin_blocks' in consumer group consumer into /data...
/usr/bin/hdfs dfs -mkdir /data/bitcoin_blocks 2> /dev/null
/usr/bin/hdfs dfs -put -f /tmp/kafka_bitcoin_blocks_consumer_20140926091500_0.dat /data/bitcoin_blocks/20140926091500_0.dat 2> /dev/null
Lock acquired

Consuming topic: [bitcoin_blocks] into HDFS
Consuming from topic 'bitcoin_blocks' in consumer group consumer into /data...
/usr/bin/hdfs dfs -mkdir /data/bitcoin_blocks 2> /dev/null
/usr/bin/hdfs dfs -put -f /tmp/kafka_bitcoin_blocks_consumer_20140926101500_0.dat /data/bitcoin_blocks/20140926101500_0.dat 2> /dev/null
Lock acquired

Consuming topic: [bitcoin_blocks] into HDFS
Consuming from topic 'bitcoin_blocks' in consumer group consumer into /data...
/usr/bin/hdfs dfs -mkdir /data/bitcoin_blocks 2> /dev/null
/usr/bin/hdfs dfs -put -f /tmp/kafka_bitcoin_blocks_consumer_20140926111500_0.dat /data/bitcoin_blocks/20140926111500_0.dat 2> /dev/null
Lock acquired

Consuming topic: [bitcoin_blocks] into HDFS
Consuming from topic 'bitcoin_blocks' in consumer group consumer into /data...
/usr/bin/hdfs dfs -mkdir /data/bitcoin_blocks 2> /dev/null
/usr/bin/hdfs dfs -put -f /tmp/kafka_bitcoin_blocks_consumer_20140926121500_0.dat /data/bitcoin_blocks/20140926121500_0.dat 2> /dev/null
Lock acquired

Consuming topic: [bitcoin_blocks] into HDFS
Consuming from topic 'bitcoin_blocks' in consumer group consumer into /data...
/usr/bin/hdfs dfs -mkdir /data/bitcoin_blocks 2> /dev/null
/usr/bin/hdfs dfs -put -f /tmp/kafka_bitcoin_blocks_consumer_20140926131500_0.dat /data/bitcoin_blocks/20140926131500_0.dat 2> /dev/null
Lock acquired

Consuming topic: [bitcoin_blocks] into HDFS
Consuming from topic 'bitcoin_blocks' in consumer group consumer into /data...
/usr/bin/hdfs dfs -mkdir /data/bitcoin_blocks 2> /dev/null
/usr/bin/hdfs dfs -put -f /tmp/kafka_bitcoin_blocks_consumer_20140926141500_0.dat /data/bitcoin_blocks/20140926141500_0.dat 2> /dev/null
Lock acquired

Consuming topic: [bitcoin_blocks] into HDFS
Consuming from topic 'bitcoin_blocks' in consumer group consumer into /data...
/usr/bin/hdfs dfs -mkdir /data/bitcoin_blocks 2> /dev/null
/usr/bin/hdfs dfs -put -f /tmp/kafka_bitcoin_blocks_consumer_20140926151500_0.dat /data/bitcoin_blocks/20140926151500_0.dat 2> /dev/null
Lock acquired

Consuming topic: [bitcoin_blocks] into HDFS
Consuming from topic 'bitcoin_blocks' in consumer group consumer into /data...
/usr/bin/hdfs dfs -mkdir /data/bitcoin_blocks 2> /dev/null
/usr/bin/hdfs dfs -put -f /tmp/kafka_bitcoin_blocks_consumer_20140926161500_0.dat /data/bitcoin_blocks/20140926161500_0.dat 2> /dev/null
Lock acquired

Consuming topic: [bitcoin_blocks] into HDFS
Consuming from topic 'bitcoin_blocks' in consumer group consumer into /data...
/usr/bin/hdfs dfs -mkdir /data/bitcoin_blocks 2> /dev/null
/usr/bin/hdfs dfs -put -f /tmp/kafka_bitcoin_blocks_consumer_20140926171500_0.dat /data/bitcoin_blocks/20140926171500_0.dat 2> /dev/null
Lock acquired

Consuming topic: [bitcoin_blocks] into HDFS
Consuming from topic 'bitcoin_blocks' in consumer group consumer into /data...
/usr/bin/hdfs dfs -mkdir /data/bitcoin_blocks 2> /dev/null
/usr/bin/hdfs dfs -put -f /tmp/kafka_bitcoin_blocks_consumer_20140926181500_0.dat /data/bitcoin_blocks/20140926181500_0.dat 2> /dev/null
Lock acquired

Consuming topic: [bitcoin_blocks] into HDFS
Consuming from topic 'bitcoin_blocks' in consumer group consumer into /data...
/usr/bin/hdfs dfs -mkdir /data/bitcoin_blocks 2> /dev/null
/usr/bin/hdfs dfs -put -f /tmp/kafka_bitcoin_blocks_consumer_20140926191500_0.dat /data/bitcoin_blocks/20140926191500_0.dat 2> /dev/null
Lock acquired

Consuming topic: [bitcoin_blocks] into HDFS
Consuming from topic 'bitcoin_blocks' in consumer group consumer into /data...
/usr/bin/hdfs dfs -mkdir /data/bitcoin_blocks 2> /dev/null
/usr/bin/hdfs dfs -put -f /tmp/kafka_bitcoin_blocks_consumer_20140926201500_0.dat /data/bitcoin_blocks/20140926201500_0.dat 2> /dev/null
Lock acquired

Consuming topic: [bitcoin_blocks] into HDFS
Consuming from topic 'bitcoin_blocks' in consumer group consumer into /data...
/usr/bin/hdfs dfs -mkdir /data/bitcoin_blocks 2> /dev/null
/usr/bin/hdfs dfs -put -f /tmp/kafka_bitcoin_blocks_consumer_20140926211500_0.dat /data/bitcoin_blocks/20140926211500_0.dat 2> /dev/null
Lock acquired

Consuming topic: [bitcoin_blocks] into HDFS
Consuming from topic 'bitcoin_blocks' in consumer group consumer into /data...
/usr/bin/hdfs dfs -mkdir /data/bitcoin_blocks 2> /dev/null
/usr/bin/hdfs dfs -put -f /tmp/kafka_bitcoin_blocks_consumer_20140926221500_0.dat /data/bitcoin_blocks/20140926221500_0.dat 2> /dev/null
Java HotSpot(TM) 64-Bit Server VM warning: INFO: os::commit_memory(0x00000000ed980000, 31457280, 0) failed; error='Cannot allocate memory' (errno=12)
#
# There is insufficient memory for the Java Runtime Environment to continue.
# Native memory allocation (malloc) failed to allocate 31457280 bytes for committing reserved memory.
# An error report file with more information is saved as:
# /home/admin/hs_err_pid29551.log
Lock acquired

Consuming topic: [bitcoin_blocks] into HDFS
Consuming from topic 'bitcoin_blocks' in consumer group consumer into /data...
/usr/bin/hdfs dfs -mkdir /data/bitcoin_blocks 2> /dev/null
/usr/bin/hdfs dfs -put -f /tmp/kafka_bitcoin_blocks_consumer_20140926231500_0.dat /data/bitcoin_blocks/20140926231500_0.dat 2> /dev/null
Lock acquired

Consuming topic: [bitcoin_blocks] into HDFS
Consuming from topic 'bitcoin_blocks' in consumer group consumer into /data...
/usr/bin/hdfs dfs -mkdir /data/bitcoin_blocks 2> /dev/null
/usr/bin/hdfs dfs -put -f /tmp/kafka_bitcoin_blocks_consumer_20140927001500_0.dat /data/bitcoin_blocks/20140927001500_0.dat 2> /dev/null
Lock acquired

Consuming topic: [bitcoin_blocks] into HDFS
Consuming from topic 'bitcoin_blocks' in consumer group consumer into /data...
/usr/bin/hdfs dfs -mkdir /data/bitcoin_blocks 2> /dev/null
/usr/bin/hdfs dfs -put -f /tmp/kafka_bitcoin_blocks_consumer_20140927011500_0.dat /data/bitcoin_blocks/20140927011500_0.dat 2> /dev/null
Lock acquired

Consuming topic: [bitcoin_blocks] into HDFS
Consuming from topic 'bitcoin_blocks' in consumer group consumer into /data...
/usr/bin/hdfs dfs -mkdir /data/bitcoin_blocks 2> /dev/null
/usr/bin/hdfs dfs -put -f /tmp/kafka_bitcoin_blocks_consumer_20140927021500_0.dat /data/bitcoin_blocks/20140927021500_0.dat 2> /dev/null
Lock acquired

Consuming topic: [bitcoin_blocks] into HDFS
Consuming from topic 'bitcoin_blocks' in consumer group consumer into /data...
/usr/bin/hdfs dfs -mkdir /data/bitcoin_blocks 2> /dev/null
/usr/bin/hdfs dfs -put -f /tmp/kafka_bitcoin_blocks_consumer_20140927031500_0.dat /data/bitcoin_blocks/20140927031500_0.dat 2> /dev/null
Lock acquired

Consuming topic: [bitcoin_blocks] into HDFS
Consuming from topic 'bitcoin_blocks' in consumer group consumer into /data...
/usr/bin/hdfs dfs -mkdir /data/bitcoin_blocks 2> /dev/null
/usr/bin/hdfs dfs -put -f /tmp/kafka_bitcoin_blocks_consumer_20140927041500_0.dat /data/bitcoin_blocks/20140927041500_0.dat 2> /dev/null
Lock acquired

Consuming topic: [bitcoin_blocks] into HDFS
Consuming from topic 'bitcoin_blocks' in consumer group consumer into /data...
/usr/bin/hdfs dfs -mkdir /data/bitcoin_blocks 2> /dev/null
/usr/bin/hdfs dfs -put -f /tmp/kafka_bitcoin_blocks_consumer_20140927051500_0.dat /data/bitcoin_blocks/20140927051500_0.dat 2> /dev/null
Lock acquired

Consuming topic: [bitcoin_blocks] into HDFS
Consuming from topic 'bitcoin_blocks' in consumer group consumer into /data...
/usr/bin/hdfs dfs -mkdir /data/bitcoin_blocks 2> /dev/null
/usr/bin/hdfs dfs -put -f /tmp/kafka_bitcoin_blocks_consumer_20140927061500_0.dat /data/bitcoin_blocks/20140927061500_0.dat 2> /dev/null
Lock acquired

Consuming topic: [bitcoin_blocks] into HDFS
Consuming from topic 'bitcoin_blocks' in consumer group consumer into /data...
/usr/bin/hdfs dfs -mkdir /data/bitcoin_blocks 2> /dev/null
/usr/bin/hdfs dfs -put -f /tmp/kafka_bitcoin_blocks_consumer_20140927071500_0.dat /data/bitcoin_blocks/20140927071500_0.dat 2> /dev/null
Lock acquired

Consuming topic: [bitcoin_blocks] into HDFS
Consuming from topic 'bitcoin_blocks' in consumer group consumer into /data...
/usr/bin/hdfs dfs -mkdir /data/bitcoin_blocks 2> /dev/null
/usr/bin/hdfs dfs -put -f /tmp/kafka_bitcoin_blocks_consumer_20140927081500_0.dat /data/bitcoin_blocks/20140927081500_0.dat 2> /dev/null
Lock acquired

Consuming topic: [bitcoin_blocks] into HDFS
Consuming from topic 'bitcoin_blocks' in consumer group consumer into /data...
/usr/bin/hdfs dfs -mkdir /data/bitcoin_blocks 2> /dev/null
/usr/bin/hdfs dfs -put -f /tmp/kafka_bitcoin_blocks_consumer_20140927091500_0.dat /data/bitcoin_blocks/20140927091500_0.dat 2> /dev/null
